(0.000) 
            SELECT name, type FROM sqlite_master
            WHERE type in ('table', 'view') AND NOT name='sqlite_sequence'
            ORDER BY name; args=None; alias=default
(0.000) SELECT "django_migrations"."id", "django_migrations"."app", "django_migrations"."name", "django_migrations"."applied" FROM "django_migrations"; args=(); alias=default
(0.000) 
            SELECT name, type FROM sqlite_master
            WHERE type in ('table', 'view') AND NOT name='sqlite_sequence'
            ORDER BY name; args=None; alias=default
(0.000) SELECT "django_migrations"."id", "django_migrations"."app", "django_migrations"."name", "django_migrations"."applied" FROM "django_migrations"; args=(); alias=default
(0.000) 
            SELECT name, type FROM sqlite_master
            WHERE type in ('table', 'view') AND NOT name='sqlite_sequence'
            ORDER BY name; args=None; alias=default
(0.000) SELECT "django_migrations"."id", "django_migrations"."app", "django_migrations"."name", "django_migrations"."applied" FROM "django_migrations"; args=(); alias=default
(0.000) SELECT COUNT(*) AS "__count" FROM "task_manager_app_task"; args=(); alias=default
(0.000) SELECT "task_manager_app_task"."id", "task_manager_app_task"."title", "task_manager_app_task"."category_id", "task_manager_app_task"."description", "task_manager_app_task"."status", "task_manager_app_task"."deadline", "task_manager_app_task"."created_at" FROM "task_manager_app_task" ORDER BY "task_manager_app_task"."id" ASC LIMIT 5; args=(); alias=default
(0.000) SELECT "task_manager_app_category"."id", "task_manager_app_category"."name", "task_manager_app_category"."is_deleted", "task_manager_app_category"."deleted_at" FROM "task_manager_app_category" INNER JOIN "task_manager_app_task_categories" ON ("task_manager_app_category"."id" = "task_manager_app_task_categories"."category_id") WHERE (NOT "task_manager_app_category"."is_deleted" AND "task_manager_app_task_categories"."task_id" = 1); args=(1,); alias=default
(0.000) SELECT "task_manager_app_category"."id", "task_manager_app_category"."name", "task_manager_app_category"."is_deleted", "task_manager_app_category"."deleted_at" FROM "task_manager_app_category" INNER JOIN "task_manager_app_task_categories" ON ("task_manager_app_category"."id" = "task_manager_app_task_categories"."category_id") WHERE (NOT "task_manager_app_category"."is_deleted" AND "task_manager_app_task_categories"."task_id" = 3); args=(3,); alias=default
(0.000) SELECT "task_manager_app_category"."id", "task_manager_app_category"."name", "task_manager_app_category"."is_deleted", "task_manager_app_category"."deleted_at" FROM "task_manager_app_category" INNER JOIN "task_manager_app_task_categories" ON ("task_manager_app_category"."id" = "task_manager_app_task_categories"."category_id") WHERE (NOT "task_manager_app_category"."is_deleted" AND "task_manager_app_task_categories"."task_id" = 4); args=(4,); alias=default
(0.000) SELECT "task_manager_app_category"."id", "task_manager_app_category"."name", "task_manager_app_category"."is_deleted", "task_manager_app_category"."deleted_at" FROM "task_manager_app_category" INNER JOIN "task_manager_app_task_categories" ON ("task_manager_app_category"."id" = "task_manager_app_task_categories"."category_id") WHERE (NOT "task_manager_app_category"."is_deleted" AND "task_manager_app_task_categories"."task_id" = 5); args=(5,); alias=default
(0.000) SELECT "task_manager_app_category"."id", "task_manager_app_category"."name", "task_manager_app_category"."is_deleted", "task_manager_app_category"."deleted_at" FROM "task_manager_app_category" INNER JOIN "task_manager_app_task_categories" ON ("task_manager_app_category"."id" = "task_manager_app_task_categories"."category_id") WHERE (NOT "task_manager_app_category"."is_deleted" AND "task_manager_app_task_categories"."task_id" = 6); args=(6,); alias=default
(0.000) SELECT COUNT(*) AS "__count" FROM "task_manager_app_task"; args=(); alias=default
(0.000) SELECT "task_manager_app_task"."id", "task_manager_app_task"."title", "task_manager_app_task"."category_id", "task_manager_app_task"."description", "task_manager_app_task"."status", "task_manager_app_task"."deadline", "task_manager_app_task"."created_at" FROM "task_manager_app_task" ORDER BY "task_manager_app_task"."id" ASC LIMIT 5 OFFSET 5; args=(); alias=default
(0.000) SELECT "task_manager_app_category"."id", "task_manager_app_category"."name", "task_manager_app_category"."is_deleted", "task_manager_app_category"."deleted_at" FROM "task_manager_app_category" INNER JOIN "task_manager_app_task_categories" ON ("task_manager_app_category"."id" = "task_manager_app_task_categories"."category_id") WHERE (NOT "task_manager_app_category"."is_deleted" AND "task_manager_app_task_categories"."task_id" = 7); args=(7,); alias=default
(0.000) SELECT "task_manager_app_category"."id", "task_manager_app_category"."name", "task_manager_app_category"."is_deleted", "task_manager_app_category"."deleted_at" FROM "task_manager_app_category" INNER JOIN "task_manager_app_task_categories" ON ("task_manager_app_category"."id" = "task_manager_app_task_categories"."category_id") WHERE (NOT "task_manager_app_category"."is_deleted" AND "task_manager_app_task_categories"."task_id" = 8); args=(8,); alias=default
(0.000) SELECT "task_manager_app_category"."id", "task_manager_app_category"."name", "task_manager_app_category"."is_deleted", "task_manager_app_category"."deleted_at" FROM "task_manager_app_category" INNER JOIN "task_manager_app_task_categories" ON ("task_manager_app_category"."id" = "task_manager_app_task_categories"."category_id") WHERE (NOT "task_manager_app_category"."is_deleted" AND "task_manager_app_task_categories"."task_id" = 9); args=(9,); alias=default
(0.000) SELECT "task_manager_app_category"."id", "task_manager_app_category"."name", "task_manager_app_category"."is_deleted", "task_manager_app_category"."deleted_at" FROM "task_manager_app_category" INNER JOIN "task_manager_app_task_categories" ON ("task_manager_app_category"."id" = "task_manager_app_task_categories"."category_id") WHERE (NOT "task_manager_app_category"."is_deleted" AND "task_manager_app_task_categories"."task_id" = 10); args=(10,); alias=default
(0.000) SELECT "task_manager_app_category"."id", "task_manager_app_category"."name", "task_manager_app_category"."is_deleted", "task_manager_app_category"."deleted_at" FROM "task_manager_app_category" INNER JOIN "task_manager_app_task_categories" ON ("task_manager_app_category"."id" = "task_manager_app_task_categories"."category_id") WHERE (NOT "task_manager_app_category"."is_deleted" AND "task_manager_app_task_categories"."task_id" = 11); args=(11,); alias=default
(0.000) SELECT COUNT(*) AS "__count" FROM "task_manager_app_task"; args=(); alias=default
(0.000) SELECT "task_manager_app_task"."id", "task_manager_app_task"."title", "task_manager_app_task"."category_id", "task_manager_app_task"."description", "task_manager_app_task"."status", "task_manager_app_task"."deadline", "task_manager_app_task"."created_at" FROM "task_manager_app_task" ORDER BY "task_manager_app_task"."id" ASC LIMIT 5; args=(); alias=default
(0.000) SELECT "task_manager_app_category"."id", "task_manager_app_category"."name", "task_manager_app_category"."is_deleted", "task_manager_app_category"."deleted_at" FROM "task_manager_app_category" INNER JOIN "task_manager_app_task_categories" ON ("task_manager_app_category"."id" = "task_manager_app_task_categories"."category_id") WHERE (NOT "task_manager_app_category"."is_deleted" AND "task_manager_app_task_categories"."task_id" = 1); args=(1,); alias=default
(0.000) SELECT "task_manager_app_category"."id", "task_manager_app_category"."name", "task_manager_app_category"."is_deleted", "task_manager_app_category"."deleted_at" FROM "task_manager_app_category" INNER JOIN "task_manager_app_task_categories" ON ("task_manager_app_category"."id" = "task_manager_app_task_categories"."category_id") WHERE (NOT "task_manager_app_category"."is_deleted" AND "task_manager_app_task_categories"."task_id" = 3); args=(3,); alias=default
(0.000) SELECT "task_manager_app_category"."id", "task_manager_app_category"."name", "task_manager_app_category"."is_deleted", "task_manager_app_category"."deleted_at" FROM "task_manager_app_category" INNER JOIN "task_manager_app_task_categories" ON ("task_manager_app_category"."id" = "task_manager_app_task_categories"."category_id") WHERE (NOT "task_manager_app_category"."is_deleted" AND "task_manager_app_task_categories"."task_id" = 4); args=(4,); alias=default
(0.000) SELECT "task_manager_app_category"."id", "task_manager_app_category"."name", "task_manager_app_category"."is_deleted", "task_manager_app_category"."deleted_at" FROM "task_manager_app_category" INNER JOIN "task_manager_app_task_categories" ON ("task_manager_app_category"."id" = "task_manager_app_task_categories"."category_id") WHERE (NOT "task_manager_app_category"."is_deleted" AND "task_manager_app_task_categories"."task_id" = 5); args=(5,); alias=default
(0.000) SELECT "task_manager_app_category"."id", "task_manager_app_category"."name", "task_manager_app_category"."is_deleted", "task_manager_app_category"."deleted_at" FROM "task_manager_app_category" INNER JOIN "task_manager_app_task_categories" ON ("task_manager_app_category"."id" = "task_manager_app_task_categories"."category_id") WHERE (NOT "task_manager_app_category"."is_deleted" AND "task_manager_app_task_categories"."task_id" = 6); args=(6,); alias=default
(0.000) 
            SELECT name, type FROM sqlite_master
            WHERE type in ('table', 'view') AND NOT name='sqlite_sequence'
            ORDER BY name; args=None; alias=default
(0.000) SELECT "django_migrations"."id", "django_migrations"."app", "django_migrations"."name", "django_migrations"."applied" FROM "django_migrations"; args=(); alias=default
